<?xml version="1.0" encoding="UTF-8"?>
<!-- Generated by org.testng.reporters.JUnitReportReporter -->
<testsuite hostname="IBM-PF2ZFREJ" failures="0" tests="1" name="tests.TestLogin" time="1.401" errors="0" timestamp="2023-04-21T09:11:39 IST" skipped="0">
  <testcase classname="tests.TestLogin" name="test_Home_Page_Appear_Correct" time="1.401"/>
  <system-out/>
</testsuite> <!-- tests.TestLogin -->
