<?xml version="1.0" encoding="UTF-8"?>
<!-- Generated by org.testng.reporters.JUnitReportReporter -->
<testsuite hostname="IBM-PF2ZFREJ" failures="0" tests="1" name="tests.NoPOMTest" time="5.824" errors="0" timestamp="2023-04-21T09:12:15 IST" skipped="0">
  <testcase classname="tests.NoPOMTest" name="test_Home_Page_Appear_Correct" time="5.824"/>
  <system-out/>
</testsuite> <!-- tests.NoPOMTest -->
