<?xml version="1.0" encoding="UTF-8"?>
<!-- Generated by org.testng.reporters.JUnitReportReporter -->
<testsuite hostname="IBM-PF2ZFREJ" failures="0" tests="1" name="tests.TestLoginWithPageFactory" time="3.067" errors="0" timestamp="2023-04-20T18:54:23 IST" skipped="0">
  <testcase classname="tests.TestLoginWithPageFactory" name="test_Home_Page_Appear_Correct" time="3.067"/>
  <system-out/>
</testsuite> <!-- tests.TestLoginWithPageFactory -->
